<?xml version="1.0" encoding="UTF-8"?>
<testsuite name="com.jojoldu.book.springboot.web.HelloControllerTest" tests="2" skipped="0" failures="0" errors="0" timestamp="2022-04-26T13:26:53" hostname="DESKTOP-H7ERI92" time="0.117">
  <properties/>
  <testcase name="hello가_리턴된다" classname="com.jojoldu.book.springboot.web.HelloControllerTest" time="0.052"/>
  <testcase name="helloDto가_리턴된다" classname="com.jojoldu.book.springboot.web.HelloControllerTest" time="0.064"/>
  <system-out><![CDATA[2022-04-26 22:26:52.472  INFO 21004 --- [    Test worker] .b.t.a.w.s.WebMvcTestContextBootstrapper : Neither @ContextConfiguration nor @ContextHierarchy found for test class [com.jojoldu.book.springboot.web.HelloControllerTest], using SpringBootContextLoader
2022-04-26 22:26:52.472  INFO 21004 --- [    Test worker] o.s.t.c.support.AbstractContextLoader    : Could not detect default resource locations for test class [com.jojoldu.book.springboot.web.HelloControllerTest]: no resource found for suffixes {-context.xml, Context.groovy}.
2022-04-26 22:26:52.473  INFO 21004 --- [    Test worker] t.c.s.AnnotationConfigContextLoaderUtils : Could not detect default configuration classes for test class [com.jojoldu.book.springboot.web.HelloControllerTest]: HelloControllerTest does not declare any static, non-private, non-final, nested classes annotated with @Configuration.
2022-04-26 22:26:52.489  INFO 21004 --- [    Test worker] .b.t.c.SpringBootTestContextBootstrapper : Found @SpringBootConfiguration com.jojoldu.book.springboot.Application for test class com.jojoldu.book.springboot.web.HelloControllerTest
2022-04-26 22:26:52.490  INFO 21004 --- [    Test worker] .b.t.a.w.s.WebMvcTestContextBootstrapper : Loaded default TestExecutionListener class names from location [META-INF/spring.factories]: [org.springframework.security.test.context.support.WithSecurityContextTestExecutionListener, org.springframework.security.test.context.support.ReactorContextTestExecutionListener, org.springframework.boot.test.autoconfigure.restdocs.RestDocsTestExecutionListener, org.springframework.boot.test.autoconfigure.web.client.MockRestServiceServerResetTestExecutionListener, org.springframework.boot.test.autoconfigure.web.servlet.MockMvcPrintOnlyOnFailureTestExecutionListener, org.springframework.boot.test.autoconfigure.web.servlet.WebDriverTestExecutionListener, org.springframework.boot.test.mock.mockito.MockitoTestExecutionListener, org.springframework.boot.test.mock.mockito.ResetMocksTestExecutionListener, org.springframework.test.context.web.ServletTestExecutionListener, org.springframework.test.context.support.DirtiesContextBeforeModesTestExecutionListener, org.springframework.test.context.support.DependencyInjectionTestExecutionListener, org.springframework.test.context.support.DirtiesContextTestExecutionListener, org.springframework.test.context.transaction.TransactionalTestExecutionListener, org.springframework.test.context.jdbc.SqlScriptsTestExecutionListener, org.springframework.test.context.event.EventPublishingTestExecutionListener]
2022-04-26 22:26:52.491  INFO 21004 --- [    Test worker] .b.t.a.w.s.WebMvcTestContextBootstrapper : Using TestExecutionListeners: [org.springframework.test.context.web.ServletTestExecutionListener@5c1fb23d, org.springframework.test.context.support.DirtiesContextBeforeModesTestExecutionListener@5dc92766, org.springframework.boot.test.mock.mockito.MockitoTestExecutionListener@1268893a, org.springframework.boot.test.autoconfigure.SpringBootDependencyInjectionTestExecutionListener@6dba70b8, org.springframework.test.context.support.DirtiesContextTestExecutionListener@4c15b968, org.springframework.test.context.transaction.TransactionalTestExecutionListener@5873459b, org.springframework.test.context.jdbc.SqlScriptsTestExecutionListener@e8436f6, org.springframework.security.test.context.support.WithSecurityContextTestExecutionListener@3085a82e, org.springframework.test.context.event.EventPublishingTestExecutionListener@513a99af, org.springframework.security.test.context.support.ReactorContextTestExecutionListener@13a7418e, org.springframework.boot.test.autoconfigure.restdocs.RestDocsTestExecutionListener@3c3bf68a, org.springframework.boot.test.autoconfigure.web.client.MockRestServiceServerResetTestExecutionListener@2162fdfb, org.springframework.boot.test.autoconfigure.web.servlet.MockMvcPrintOnlyOnFailureTestExecutionListener@2490ef99, org.springframework.boot.test.autoconfigure.web.servlet.WebDriverTestExecutionListener@d1271b4, org.springframework.boot.test.mock.mockito.ResetMocksTestExecutionListener@6efe593a]

  .   ____          _            __ _ _
 /\\ / ___'_ __ _ _(_)_ __  __ _ \ \ \ \
( ( )\___ | '_ | '_| | '_ \/ _` | \ \ \ \
 \\/  ___)| |_)| | | | | || (_| |  ) ) ) )
  '  |____| .__|_| |_|_| |_\__, | / / / /
 =========|_|==============|___/=/_/_/_/
 :: Spring Boot ::        (v2.2.0.RELEASE)

2022-04-26 22:26:52.535  INFO 21004 --- [    Test worker] c.j.b.s.web.HelloControllerTest          : Starting HelloControllerTest on DESKTOP-H7ERI92 with PID 21004 (started by vndtj in D:\tave\Tave-Study)
2022-04-26 22:26:52.535  INFO 21004 --- [    Test worker] c.j.b.s.web.HelloControllerTest          : The following profiles are active: oauth
2022-04-26 22:26:52.815  INFO 21004 --- [    Test worker] o.s.s.concurrent.ThreadPoolTaskExecutor  : Initializing ExecutorService 'applicationTaskExecutor'
2022-04-26 22:26:52.838  INFO 21004 --- [    Test worker] o.s.b.a.w.s.WelcomePageHandlerMapping    : Adding welcome page template: index
2022-04-26 22:26:52.956  INFO 21004 --- [    Test worker] .s.s.UserDetailsServiceAutoConfiguration : 

Using generated security password: e4e1ad4b-78c2-42f4-b568-0ea0f70f2634

2022-04-26 22:26:53.047  INFO 21004 --- [    Test worker] o.s.s.web.DefaultSecurityFilterChain     : Creating filter chain: any request, [org.springframework.security.web.context.request.async.WebAsyncManagerIntegrationFilter@79b9cf7d, org.springframework.security.web.context.SecurityContextPersistenceFilter@223c621a, org.springframework.security.web.header.HeaderWriterFilter@27231159, org.springframework.security.web.csrf.CsrfFilter@4db74a48, org.springframework.security.web.authentication.logout.LogoutFilter@5fff7665, org.springframework.security.web.authentication.UsernamePasswordAuthenticationFilter@16fabe1e, org.springframework.security.web.authentication.ui.DefaultLoginPageGeneratingFilter@4a524fce, org.springframework.security.web.authentication.ui.DefaultLogoutPageGeneratingFilter@70a8b069, org.springframework.security.web.authentication.www.BasicAuthenticationFilter@4cc8798d, org.springframework.security.web.savedrequest.RequestCacheAwareFilter@2afd5c41, org.springframework.security.web.servletapi.SecurityContextHolderAwareRequestFilter@15eb399e, org.springframework.security.web.authentication.AnonymousAuthenticationFilter@7f23abe0, org.springframework.security.web.session.SessionManagementFilter@5031eaff, org.springframework.security.web.access.ExceptionTranslationFilter@18120b6f, org.springframework.security.web.access.intercept.FilterSecurityInterceptor@1d5dca70]
2022-04-26 22:26:53.083  INFO 21004 --- [    Test worker] o.s.b.t.m.w.SpringBootMockServletContext : Initializing Spring TestDispatcherServlet ''
2022-04-26 22:26:53.083  INFO 21004 --- [    Test worker] o.s.t.web.servlet.TestDispatcherServlet  : Initializing Servlet ''
2022-04-26 22:26:53.092  INFO 21004 --- [    Test worker] o.s.t.web.servlet.TestDispatcherServlet  : Completed initialization in 9 ms
2022-04-26 22:26:53.101  INFO 21004 --- [    Test worker] c.j.b.s.web.HelloControllerTest          : Started HelloControllerTest in 0.608 seconds (JVM running for 5.73)
]]></system-out>
  <system-err><![CDATA[]]></system-err>
</testsuite>
