<?xml version="1.0" encoding="UTF-8"?>
<testsuite name="com.jojoldu.book.springboot.web.IndexControllerTest" tests="1" skipped="0" failures="0" errors="0" timestamp="2022-04-07T08:57:28" hostname="DESKTOP-H7ERI92" time="0.136">
  <properties/>
  <testcase name="메인페이지_로딩" classname="com.jojoldu.book.springboot.web.IndexControllerTest" time="0.136"/>
  <system-out><![CDATA[2022-04-07 17:57:27.508  INFO 34940 --- [    Test worker] .b.t.c.SpringBootTestContextBootstrapper : Neither @ContextConfiguration nor @ContextHierarchy found for test class [com.jojoldu.book.springboot.web.IndexControllerTest], using SpringBootContextLoader
2022-04-07 17:57:27.509  INFO 34940 --- [    Test worker] o.s.t.c.support.AbstractContextLoader    : Could not detect default resource locations for test class [com.jojoldu.book.springboot.web.IndexControllerTest]: no resource found for suffixes {-context.xml, Context.groovy}.
2022-04-07 17:57:27.509  INFO 34940 --- [    Test worker] t.c.s.AnnotationConfigContextLoaderUtils : Could not detect default configuration classes for test class [com.jojoldu.book.springboot.web.IndexControllerTest]: IndexControllerTest does not declare any static, non-private, non-final, nested classes annotated with @Configuration.
2022-04-07 17:57:27.509  INFO 34940 --- [    Test worker] .b.t.c.SpringBootTestContextBootstrapper : Found @SpringBootConfiguration com.jojoldu.book.springboot.Application for test class com.jojoldu.book.springboot.web.IndexControllerTest
2022-04-07 17:57:27.510  INFO 34940 --- [    Test worker] .b.t.c.SpringBootTestContextBootstrapper : Loaded default TestExecutionListener class names from location [META-INF/spring.factories]: [org.springframework.security.test.context.support.WithSecurityContextTestExecutionListener, org.springframework.security.test.context.support.ReactorContextTestExecutionListener, org.springframework.boot.test.autoconfigure.restdocs.RestDocsTestExecutionListener, org.springframework.boot.test.autoconfigure.web.client.MockRestServiceServerResetTestExecutionListener, org.springframework.boot.test.autoconfigure.web.servlet.MockMvcPrintOnlyOnFailureTestExecutionListener, org.springframework.boot.test.autoconfigure.web.servlet.WebDriverTestExecutionListener, org.springframework.boot.test.mock.mockito.MockitoTestExecutionListener, org.springframework.boot.test.mock.mockito.ResetMocksTestExecutionListener, org.springframework.test.context.web.ServletTestExecutionListener, org.springframework.test.context.support.DirtiesContextBeforeModesTestExecutionListener, org.springframework.test.context.support.DependencyInjectionTestExecutionListener, org.springframework.test.context.support.DirtiesContextTestExecutionListener, org.springframework.test.context.transaction.TransactionalTestExecutionListener, org.springframework.test.context.jdbc.SqlScriptsTestExecutionListener, org.springframework.test.context.event.EventPublishingTestExecutionListener]
2022-04-07 17:57:27.511  INFO 34940 --- [    Test worker] .b.t.c.SpringBootTestContextBootstrapper : Using TestExecutionListeners: [org.springframework.test.context.web.ServletTestExecutionListener@3c6d41b6, org.springframework.test.context.support.DirtiesContextBeforeModesTestExecutionListener@155fb4ee, org.springframework.boot.test.mock.mockito.MockitoTestExecutionListener@6709c504, org.springframework.boot.test.autoconfigure.SpringBootDependencyInjectionTestExecutionListener@32279f0d, org.springframework.test.context.support.DirtiesContextTestExecutionListener@6411080e, org.springframework.test.context.transaction.TransactionalTestExecutionListener@c8138a6, org.springframework.test.context.jdbc.SqlScriptsTestExecutionListener@2509fdd7, org.springframework.security.test.context.support.WithSecurityContextTestExecutionListener@2bd8c18c, org.springframework.test.context.event.EventPublishingTestExecutionListener@4765fd81, org.springframework.security.test.context.support.ReactorContextTestExecutionListener@4224b9c3, org.springframework.boot.test.autoconfigure.restdocs.RestDocsTestExecutionListener@28291315, org.springframework.boot.test.autoconfigure.web.client.MockRestServiceServerResetTestExecutionListener@4590733d, org.springframework.boot.test.autoconfigure.web.servlet.MockMvcPrintOnlyOnFailureTestExecutionListener@2d7117fb, org.springframework.boot.test.autoconfigure.web.servlet.WebDriverTestExecutionListener@4afc4937, org.springframework.boot.test.mock.mockito.ResetMocksTestExecutionListener@2aad5ac6]

  .   ____          _            __ _ _
 /\\ / ___'_ __ _ _(_)_ __  __ _ \ \ \ \
( ( )\___ | '_ | '_| | '_ \/ _` | \ \ \ \
 \\/  ___)| |_)| | | | | || (_| |  ) ) ) )
  '  |____| .__|_| |_|_| |_\__, | / / / /
 =========|_|==============|___/=/_/_/_/
 :: Spring Boot ::        (v2.2.0.RELEASE)

2022-04-07 17:57:27.536  INFO 34940 --- [    Test worker] c.j.b.s.web.IndexControllerTest          : Starting IndexControllerTest on DESKTOP-H7ERI92 with PID 34940 (started by vndtj in D:\tave\Tave-Study)
2022-04-07 17:57:27.536  INFO 34940 --- [    Test worker] c.j.b.s.web.IndexControllerTest          : The following profiles are active: oauth
2022-04-07 17:57:27.689  INFO 34940 --- [    Test worker] .s.d.r.c.RepositoryConfigurationDelegate : Bootstrapping Spring Data repositories in DEFAULT mode.
2022-04-07 17:57:27.702  INFO 34940 --- [    Test worker] .s.d.r.c.RepositoryConfigurationDelegate : Finished Spring Data repository scanning in 12ms. Found 2 repository interfaces.
2022-04-07 17:57:27.773  INFO 34940 --- [    Test worker] trationDelegate$BeanPostProcessorChecker : Bean 'org.springframework.transaction.annotation.ProxyTransactionManagementConfiguration' of type [org.springframework.transaction.annotation.ProxyTransactionManagementConfiguration] is not eligible for getting processed by all BeanPostProcessors (for example: not eligible for auto-proxying)
2022-04-07 17:57:27.949  INFO 34940 --- [    Test worker] o.s.b.w.embedded.tomcat.TomcatWebServer  : Tomcat initialized with port(s): 0 (http)
2022-04-07 17:57:27.960  INFO 34940 --- [    Test worker] o.apache.catalina.core.StandardService   : Starting service [Tomcat]
2022-04-07 17:57:27.960  INFO 34940 --- [    Test worker] org.apache.catalina.core.StandardEngine  : Starting Servlet engine: [Apache Tomcat/9.0.27]
2022-04-07 17:57:28.081  INFO 34940 --- [    Test worker] o.a.c.c.C.[Tomcat].[localhost].[/]       : Initializing Spring embedded WebApplicationContext
2022-04-07 17:57:28.081  INFO 34940 --- [    Test worker] o.s.web.context.ContextLoader            : Root WebApplicationContext: initialization completed in 543 ms
2022-04-07 17:57:28.109  INFO 34940 --- [    Test worker] com.zaxxer.hikari.HikariDataSource       : HikariPool-2 - Starting...
2022-04-07 17:57:28.110  INFO 34940 --- [    Test worker] com.zaxxer.hikari.HikariDataSource       : HikariPool-2 - Start completed.
2022-04-07 17:57:28.110  INFO 34940 --- [    Test worker] o.s.b.a.h2.H2ConsoleAutoConfiguration    : H2 console available at '/h2-console'. Database available at 'jdbc:h2:mem:testdb'
2022-04-07 17:57:28.194  INFO 34940 --- [    Test worker] o.hibernate.jpa.internal.util.LogHelper  : HHH000204: Processing PersistenceUnitInfo [name: default]
2022-04-07 17:57:28.200  INFO 34940 --- [    Test worker] org.hibernate.dialect.Dialect            : HHH000400: Using dialect: org.hibernate.dialect.H2Dialect
Hibernate: drop table posts if exists
Hibernate: drop table user if exists
Hibernate: create table posts (id bigint generated by default as identity, created_date timestamp, modified_date timestamp, author varchar(255), content TEXT not null, title varchar(500) not null, primary key (id))
Hibernate: create table user (id bigint generated by default as identity, created_date timestamp, modified_date timestamp, email varchar(255) not null, name varchar(255) not null, picture varchar(255), role varchar(255) not null, primary key (id))
2022-04-07 17:57:28.241  INFO 34940 --- [    Test worker] o.h.e.t.j.p.i.JtaPlatformInitiator       : HHH000490: Using JtaPlatform implementation: [org.hibernate.engine.transaction.jta.platform.internal.NoJtaPlatform]
2022-04-07 17:57:28.241  INFO 34940 --- [    Test worker] j.LocalContainerEntityManagerFactoryBean : Initialized JPA EntityManagerFactory for persistence unit 'default'
2022-04-07 17:57:28.429  WARN 34940 --- [    Test worker] JpaBaseConfiguration$JpaWebConfiguration : spring.jpa.open-in-view is enabled by default. Therefore, database queries may be performed during view rendering. Explicitly configure spring.jpa.open-in-view to disable this warning
2022-04-07 17:57:28.586  INFO 34940 --- [    Test worker] o.s.s.web.DefaultSecurityFilterChain     : Creating filter chain: any request, [org.springframework.security.web.context.request.async.WebAsyncManagerIntegrationFilter@5ad122cb, org.springframework.security.web.context.SecurityContextPersistenceFilter@190350fd, org.springframework.security.web.header.HeaderWriterFilter@4865ea73, org.springframework.security.web.authentication.logout.LogoutFilter@61214327, org.springframework.security.oauth2.client.web.OAuth2AuthorizationRequestRedirectFilter@50ad4ba8, org.springframework.security.oauth2.client.web.OAuth2LoginAuthenticationFilter@683c4fc2, org.springframework.security.web.authentication.ui.DefaultLoginPageGeneratingFilter@6286697e, org.springframework.security.web.authentication.ui.DefaultLogoutPageGeneratingFilter@4da36ffe, org.springframework.security.web.savedrequest.RequestCacheAwareFilter@339666da, org.springframework.security.web.servletapi.SecurityContextHolderAwareRequestFilter@54c724a9, org.springframework.security.web.authentication.AnonymousAuthenticationFilter@77e99de9, org.springframework.security.web.session.SessionManagementFilter@1034c87f, org.springframework.security.web.access.ExceptionTranslationFilter@75abe28d, org.springframework.security.web.access.intercept.FilterSecurityInterceptor@23937748]
2022-04-07 17:57:28.704  INFO 34940 --- [    Test worker] o.s.s.concurrent.ThreadPoolTaskExecutor  : Initializing ExecutorService 'applicationTaskExecutor'
2022-04-07 17:57:28.746  INFO 34940 --- [    Test worker] o.s.b.a.w.s.WelcomePageHandlerMapping    : Adding welcome page template: index
2022-04-07 17:57:28.904  INFO 34940 --- [    Test worker] s.a.ScheduledAnnotationBeanPostProcessor : No TaskScheduler/ScheduledExecutorService bean found for scheduled processing
2022-04-07 17:57:28.918  INFO 34940 --- [    Test worker] o.s.b.w.embedded.tomcat.TomcatWebServer  : Tomcat started on port(s): 65086 (http) with context path ''
2022-04-07 17:57:28.919  INFO 34940 --- [    Test worker] c.j.b.s.web.IndexControllerTest          : Started IndexControllerTest in 1.407 seconds (JVM running for 7.21)
2022-04-07 17:57:28.997  INFO 34940 --- [o-auto-1-exec-1] o.a.c.c.C.[Tomcat].[localhost].[/]       : Initializing Spring DispatcherServlet 'dispatcherServlet'
2022-04-07 17:57:28.997  INFO 34940 --- [o-auto-1-exec-1] o.s.web.servlet.DispatcherServlet        : Initializing Servlet 'dispatcherServlet'
2022-04-07 17:57:29.007  INFO 34940 --- [o-auto-1-exec-1] o.s.web.servlet.DispatcherServlet        : Completed initialization in 10 ms
Hibernate: select posts0_.id as id1_0_, posts0_.created_date as created_2_0_, posts0_.modified_date as modified3_0_, posts0_.author as author4_0_, posts0_.content as content5_0_, posts0_.title as title6_0_ from posts posts0_ order by posts0_.id DESC
]]></system-out>
  <system-err><![CDATA[]]></system-err>
</testsuite>
