<?xml version="1.0" encoding="UTF-8"?>
<testsuite name="com.jojoldu.book.springboot.web.HelloControllerTest" tests="2" skipped="0" failures="0" errors="0" timestamp="2022-04-07T08:57:27" hostname="DESKTOP-H7ERI92" time="0.105">
  <properties/>
  <testcase name="hello가_리턴된다" classname="com.jojoldu.book.springboot.web.HelloControllerTest" time="0.049"/>
  <testcase name="helloDto가_리턴된다" classname="com.jojoldu.book.springboot.web.HelloControllerTest" time="0.056"/>
  <system-out><![CDATA[2022-04-07 17:57:26.842  INFO 34940 --- [    Test worker] .b.t.a.w.s.WebMvcTestContextBootstrapper : Neither @ContextConfiguration nor @ContextHierarchy found for test class [com.jojoldu.book.springboot.web.HelloControllerTest], using SpringBootContextLoader
2022-04-07 17:57:26.843  INFO 34940 --- [    Test worker] o.s.t.c.support.AbstractContextLoader    : Could not detect default resource locations for test class [com.jojoldu.book.springboot.web.HelloControllerTest]: no resource found for suffixes {-context.xml, Context.groovy}.
2022-04-07 17:57:26.844  INFO 34940 --- [    Test worker] t.c.s.AnnotationConfigContextLoaderUtils : Could not detect default configuration classes for test class [com.jojoldu.book.springboot.web.HelloControllerTest]: HelloControllerTest does not declare any static, non-private, non-final, nested classes annotated with @Configuration.
2022-04-07 17:57:26.860  INFO 34940 --- [    Test worker] .b.t.c.SpringBootTestContextBootstrapper : Found @SpringBootConfiguration com.jojoldu.book.springboot.Application for test class com.jojoldu.book.springboot.web.HelloControllerTest
2022-04-07 17:57:26.861  INFO 34940 --- [    Test worker] .b.t.a.w.s.WebMvcTestContextBootstrapper : Loaded default TestExecutionListener class names from location [META-INF/spring.factories]: [org.springframework.security.test.context.support.WithSecurityContextTestExecutionListener, org.springframework.security.test.context.support.ReactorContextTestExecutionListener, org.springframework.boot.test.autoconfigure.restdocs.RestDocsTestExecutionListener, org.springframework.boot.test.autoconfigure.web.client.MockRestServiceServerResetTestExecutionListener, org.springframework.boot.test.autoconfigure.web.servlet.MockMvcPrintOnlyOnFailureTestExecutionListener, org.springframework.boot.test.autoconfigure.web.servlet.WebDriverTestExecutionListener, org.springframework.boot.test.mock.mockito.MockitoTestExecutionListener, org.springframework.boot.test.mock.mockito.ResetMocksTestExecutionListener, org.springframework.test.context.web.ServletTestExecutionListener, org.springframework.test.context.support.DirtiesContextBeforeModesTestExecutionListener, org.springframework.test.context.support.DependencyInjectionTestExecutionListener, org.springframework.test.context.support.DirtiesContextTestExecutionListener, org.springframework.test.context.transaction.TransactionalTestExecutionListener, org.springframework.test.context.jdbc.SqlScriptsTestExecutionListener, org.springframework.test.context.event.EventPublishingTestExecutionListener]
2022-04-07 17:57:26.861  INFO 34940 --- [    Test worker] .b.t.a.w.s.WebMvcTestContextBootstrapper : Using TestExecutionListeners: [org.springframework.test.context.web.ServletTestExecutionListener@372b7d29, org.springframework.test.context.support.DirtiesContextBeforeModesTestExecutionListener@20b9fd52, org.springframework.boot.test.mock.mockito.MockitoTestExecutionListener@723e31ad, org.springframework.boot.test.autoconfigure.SpringBootDependencyInjectionTestExecutionListener@3e10980f, org.springframework.test.context.support.DirtiesContextTestExecutionListener@523e78d1, org.springframework.test.context.transaction.TransactionalTestExecutionListener@3d024ca9, org.springframework.test.context.jdbc.SqlScriptsTestExecutionListener@3e32a1fd, org.springframework.security.test.context.support.WithSecurityContextTestExecutionListener@4d886d4, org.springframework.test.context.event.EventPublishingTestExecutionListener@25819e6e, org.springframework.security.test.context.support.ReactorContextTestExecutionListener@ac9f973, org.springframework.boot.test.autoconfigure.restdocs.RestDocsTestExecutionListener@21df8c9e, org.springframework.boot.test.autoconfigure.web.client.MockRestServiceServerResetTestExecutionListener@61714057, org.springframework.boot.test.autoconfigure.web.servlet.MockMvcPrintOnlyOnFailureTestExecutionListener@482ad0f9, org.springframework.boot.test.autoconfigure.web.servlet.WebDriverTestExecutionListener@d6dbaee, org.springframework.boot.test.mock.mockito.ResetMocksTestExecutionListener@500b7ca1]

  .   ____          _            __ _ _
 /\\ / ___'_ __ _ _(_)_ __  __ _ \ \ \ \
( ( )\___ | '_ | '_| | '_ \/ _` | \ \ \ \
 \\/  ___)| |_)| | | | | || (_| |  ) ) ) )
  '  |____| .__|_| |_|_| |_\__, | / / / /
 =========|_|==============|___/=/_/_/_/
 :: Spring Boot ::        (v2.2.0.RELEASE)

2022-04-07 17:57:26.895  INFO 34940 --- [    Test worker] c.j.b.s.web.HelloControllerTest          : Starting HelloControllerTest on DESKTOP-H7ERI92 with PID 34940 (started by vndtj in D:\tave\Tave-Study)
2022-04-07 17:57:26.895  INFO 34940 --- [    Test worker] c.j.b.s.web.HelloControllerTest          : The following profiles are active: oauth
2022-04-07 17:57:27.132  INFO 34940 --- [    Test worker] o.s.s.concurrent.ThreadPoolTaskExecutor  : Initializing ExecutorService 'applicationTaskExecutor'
2022-04-07 17:57:27.153  INFO 34940 --- [    Test worker] o.s.b.a.w.s.WelcomePageHandlerMapping    : Adding welcome page template: index
2022-04-07 17:57:27.262  INFO 34940 --- [    Test worker] .s.s.UserDetailsServiceAutoConfiguration : 

Using generated security password: aa9685d9-6409-414a-81f3-424dba37de70

2022-04-07 17:57:27.347  INFO 34940 --- [    Test worker] o.s.s.web.DefaultSecurityFilterChain     : Creating filter chain: any request, [org.springframework.security.web.context.request.async.WebAsyncManagerIntegrationFilter@6b160cbd, org.springframework.security.web.context.SecurityContextPersistenceFilter@66e05666, org.springframework.security.web.header.HeaderWriterFilter@43b6c9ea, org.springframework.security.web.csrf.CsrfFilter@544143ad, org.springframework.security.web.authentication.logout.LogoutFilter@5d78fe05, org.springframework.security.web.authentication.UsernamePasswordAuthenticationFilter@37f8e5ab, org.springframework.security.web.authentication.ui.DefaultLoginPageGeneratingFilter@72b80635, org.springframework.security.web.authentication.ui.DefaultLogoutPageGeneratingFilter@6a3b6ac3, org.springframework.security.web.authentication.www.BasicAuthenticationFilter@4a474598, org.springframework.security.web.savedrequest.RequestCacheAwareFilter@5e027d0d, org.springframework.security.web.servletapi.SecurityContextHolderAwareRequestFilter@2b0e16be, org.springframework.security.web.authentication.AnonymousAuthenticationFilter@1aa09999, org.springframework.security.web.session.SessionManagementFilter@26bfea00, org.springframework.security.web.access.ExceptionTranslationFilter@1db4bdda, org.springframework.security.web.access.intercept.FilterSecurityInterceptor@3136a39c]
2022-04-07 17:57:27.381  INFO 34940 --- [    Test worker] o.s.b.t.m.w.SpringBootMockServletContext : Initializing Spring TestDispatcherServlet ''
2022-04-07 17:57:27.381  INFO 34940 --- [    Test worker] o.s.t.web.servlet.TestDispatcherServlet  : Initializing Servlet ''
2022-04-07 17:57:27.390  INFO 34940 --- [    Test worker] o.s.t.web.servlet.TestDispatcherServlet  : Completed initialization in 9 ms
2022-04-07 17:57:27.398  INFO 34940 --- [    Test worker] c.j.b.s.web.HelloControllerTest          : Started HelloControllerTest in 0.535 seconds (JVM running for 5.689)
]]></system-out>
  <system-err><![CDATA[]]></system-err>
</testsuite>
