<?xml version="1.0" encoding="UTF-8"?>
<testsuite name="com.jojoldu.book.springboot.web.IndexControllerTest" tests="1" skipped="0" failures="0" errors="0" timestamp="2022-04-27T00:34:04" hostname="DESKTOP-H7ERI92" time="0.129">
  <properties/>
  <testcase name="메인페이지_로딩" classname="com.jojoldu.book.springboot.web.IndexControllerTest" time="0.129"/>
  <system-out><![CDATA[2022-04-27 09:34:03.400  INFO 44416 --- [    Test worker] .b.t.c.SpringBootTestContextBootstrapper : Neither @ContextConfiguration nor @ContextHierarchy found for test class [com.jojoldu.book.springboot.web.IndexControllerTest], using SpringBootContextLoader
2022-04-27 09:34:03.401  INFO 44416 --- [    Test worker] o.s.t.c.support.AbstractContextLoader    : Could not detect default resource locations for test class [com.jojoldu.book.springboot.web.IndexControllerTest]: no resource found for suffixes {-context.xml, Context.groovy}.
2022-04-27 09:34:03.401  INFO 44416 --- [    Test worker] t.c.s.AnnotationConfigContextLoaderUtils : Could not detect default configuration classes for test class [com.jojoldu.book.springboot.web.IndexControllerTest]: IndexControllerTest does not declare any static, non-private, non-final, nested classes annotated with @Configuration.
2022-04-27 09:34:03.402  INFO 44416 --- [    Test worker] .b.t.c.SpringBootTestContextBootstrapper : Found @SpringBootConfiguration com.jojoldu.book.springboot.Application for test class com.jojoldu.book.springboot.web.IndexControllerTest
2022-04-27 09:34:03.403  INFO 44416 --- [    Test worker] .b.t.c.SpringBootTestContextBootstrapper : Loaded default TestExecutionListener class names from location [META-INF/spring.factories]: [org.springframework.security.test.context.support.WithSecurityContextTestExecutionListener, org.springframework.security.test.context.support.ReactorContextTestExecutionListener, org.springframework.boot.test.autoconfigure.restdocs.RestDocsTestExecutionListener, org.springframework.boot.test.autoconfigure.web.client.MockRestServiceServerResetTestExecutionListener, org.springframework.boot.test.autoconfigure.web.servlet.MockMvcPrintOnlyOnFailureTestExecutionListener, org.springframework.boot.test.autoconfigure.web.servlet.WebDriverTestExecutionListener, org.springframework.boot.test.mock.mockito.MockitoTestExecutionListener, org.springframework.boot.test.mock.mockito.ResetMocksTestExecutionListener, org.springframework.test.context.web.ServletTestExecutionListener, org.springframework.test.context.support.DirtiesContextBeforeModesTestExecutionListener, org.springframework.test.context.support.DependencyInjectionTestExecutionListener, org.springframework.test.context.support.DirtiesContextTestExecutionListener, org.springframework.test.context.transaction.TransactionalTestExecutionListener, org.springframework.test.context.jdbc.SqlScriptsTestExecutionListener, org.springframework.test.context.event.EventPublishingTestExecutionListener]
2022-04-27 09:34:03.403  INFO 44416 --- [    Test worker] .b.t.c.SpringBootTestContextBootstrapper : Using TestExecutionListeners: [org.springframework.test.context.web.ServletTestExecutionListener@750aacd, org.springframework.test.context.support.DirtiesContextBeforeModesTestExecutionListener@325e334f, org.springframework.boot.test.mock.mockito.MockitoTestExecutionListener@632ef489, org.springframework.boot.test.autoconfigure.SpringBootDependencyInjectionTestExecutionListener@1fed3b8c, org.springframework.test.context.support.DirtiesContextTestExecutionListener@1de9ec7e, org.springframework.test.context.transaction.TransactionalTestExecutionListener@5e6e70c7, org.springframework.test.context.jdbc.SqlScriptsTestExecutionListener@4af05d3f, org.springframework.security.test.context.support.WithSecurityContextTestExecutionListener@3c372eb6, org.springframework.test.context.event.EventPublishingTestExecutionListener@6e6fbf52, org.springframework.security.test.context.support.ReactorContextTestExecutionListener@432a0210, org.springframework.boot.test.autoconfigure.restdocs.RestDocsTestExecutionListener@b7bb6ef, org.springframework.boot.test.autoconfigure.web.client.MockRestServiceServerResetTestExecutionListener@ebc6ba8, org.springframework.boot.test.autoconfigure.web.servlet.MockMvcPrintOnlyOnFailureTestExecutionListener@1dbac002, org.springframework.boot.test.autoconfigure.web.servlet.WebDriverTestExecutionListener@e937b27, org.springframework.boot.test.mock.mockito.ResetMocksTestExecutionListener@588978d4]

  .   ____          _            __ _ _
 /\\ / ___'_ __ _ _(_)_ __  __ _ \ \ \ \
( ( )\___ | '_ | '_| | '_ \/ _` | \ \ \ \
 \\/  ___)| |_)| | | | | || (_| |  ) ) ) )
  '  |____| .__|_| |_|_| |_\__, | / / / /
 =========|_|==============|___/=/_/_/_/
 :: Spring Boot ::        (v2.2.0.RELEASE)

2022-04-27 09:34:03.430  INFO 44416 --- [    Test worker] c.j.b.s.web.IndexControllerTest          : Starting IndexControllerTest on DESKTOP-H7ERI92 with PID 44416 (started by vndtj in D:\tave\Tave-Study)
2022-04-27 09:34:03.430  INFO 44416 --- [    Test worker] c.j.b.s.web.IndexControllerTest          : The following profiles are active: oauth
2022-04-27 09:34:03.578  INFO 44416 --- [    Test worker] .s.d.r.c.RepositoryConfigurationDelegate : Bootstrapping Spring Data repositories in DEFAULT mode.
2022-04-27 09:34:03.589  INFO 44416 --- [    Test worker] .s.d.r.c.RepositoryConfigurationDelegate : Finished Spring Data repository scanning in 10ms. Found 2 repository interfaces.
2022-04-27 09:34:03.653  INFO 44416 --- [    Test worker] trationDelegate$BeanPostProcessorChecker : Bean 'org.springframework.transaction.annotation.ProxyTransactionManagementConfiguration' of type [org.springframework.transaction.annotation.ProxyTransactionManagementConfiguration] is not eligible for getting processed by all BeanPostProcessors (for example: not eligible for auto-proxying)
2022-04-27 09:34:03.814  INFO 44416 --- [    Test worker] o.s.b.w.embedded.tomcat.TomcatWebServer  : Tomcat initialized with port(s): 0 (http)
2022-04-27 09:34:03.825  INFO 44416 --- [    Test worker] o.apache.catalina.core.StandardService   : Starting service [Tomcat]
2022-04-27 09:34:03.825  INFO 44416 --- [    Test worker] org.apache.catalina.core.StandardEngine  : Starting Servlet engine: [Apache Tomcat/9.0.27]
2022-04-27 09:34:03.937  INFO 44416 --- [    Test worker] o.a.c.c.C.[Tomcat].[localhost].[/]       : Initializing Spring embedded WebApplicationContext
2022-04-27 09:34:03.937  INFO 44416 --- [    Test worker] o.s.web.context.ContextLoader            : Root WebApplicationContext: initialization completed in 504 ms
2022-04-27 09:34:03.963  INFO 44416 --- [    Test worker] com.zaxxer.hikari.HikariDataSource       : HikariPool-2 - Starting...
2022-04-27 09:34:03.964  INFO 44416 --- [    Test worker] com.zaxxer.hikari.HikariDataSource       : HikariPool-2 - Start completed.
2022-04-27 09:34:03.964  INFO 44416 --- [    Test worker] o.s.b.a.h2.H2ConsoleAutoConfiguration    : H2 console available at '/h2-console'. Database available at 'jdbc:h2:mem:testdb'
2022-04-27 09:34:04.052  INFO 44416 --- [    Test worker] o.hibernate.jpa.internal.util.LogHelper  : HHH000204: Processing PersistenceUnitInfo [name: default]
2022-04-27 09:34:04.057  INFO 44416 --- [    Test worker] org.hibernate.dialect.Dialect            : HHH000400: Using dialect: org.hibernate.dialect.MySQL57Dialect
Hibernate: drop table if exists posts
Hibernate: drop table if exists user
Hibernate: create table posts (id bigint not null auto_increment, created_date datetime(6), modified_date datetime(6), author varchar(255), content TEXT not null, title varchar(500) not null, primary key (id)) engine=InnoDB
Hibernate: create table user (id bigint not null auto_increment, created_date datetime(6), modified_date datetime(6), email varchar(255) not null, name varchar(255) not null, picture varchar(255), role varchar(255) not null, primary key (id)) engine=InnoDB
2022-04-27 09:34:04.098  INFO 44416 --- [    Test worker] o.h.e.t.j.p.i.JtaPlatformInitiator       : HHH000490: Using JtaPlatform implementation: [org.hibernate.engine.transaction.jta.platform.internal.NoJtaPlatform]
2022-04-27 09:34:04.098  INFO 44416 --- [    Test worker] j.LocalContainerEntityManagerFactoryBean : Initialized JPA EntityManagerFactory for persistence unit 'default'
2022-04-27 09:34:04.243  WARN 44416 --- [    Test worker] JpaBaseConfiguration$JpaWebConfiguration : spring.jpa.open-in-view is enabled by default. Therefore, database queries may be performed during view rendering. Explicitly configure spring.jpa.open-in-view to disable this warning
2022-04-27 09:34:04.356  INFO 44416 --- [    Test worker] o.s.s.web.DefaultSecurityFilterChain     : Creating filter chain: any request, [org.springframework.security.web.context.request.async.WebAsyncManagerIntegrationFilter@570cf7b7, org.springframework.security.web.context.SecurityContextPersistenceFilter@7dfb1db4, org.springframework.security.web.header.HeaderWriterFilter@101dc869, org.springframework.security.web.authentication.logout.LogoutFilter@4e9ca538, org.springframework.security.oauth2.client.web.OAuth2AuthorizationRequestRedirectFilter@2c5ffd2e, org.springframework.security.oauth2.client.web.OAuth2LoginAuthenticationFilter@4fe0a17f, org.springframework.security.web.authentication.ui.DefaultLoginPageGeneratingFilter@57ff1973, org.springframework.security.web.authentication.ui.DefaultLogoutPageGeneratingFilter@5a422a5e, org.springframework.security.web.savedrequest.RequestCacheAwareFilter@1d54371b, org.springframework.security.web.servletapi.SecurityContextHolderAwareRequestFilter@63f4fa58, org.springframework.security.web.authentication.AnonymousAuthenticationFilter@9270ab5, org.springframework.security.web.session.SessionManagementFilter@6bfbf885, org.springframework.security.web.access.ExceptionTranslationFilter@59cba7a, org.springframework.security.web.access.intercept.FilterSecurityInterceptor@74b2fddf]
2022-04-27 09:34:04.430  INFO 44416 --- [    Test worker] o.s.s.concurrent.ThreadPoolTaskExecutor  : Initializing ExecutorService 'applicationTaskExecutor'
2022-04-27 09:34:04.460  INFO 44416 --- [    Test worker] o.s.b.a.w.s.WelcomePageHandlerMapping    : Adding welcome page template: index
2022-04-27 09:34:04.566  INFO 44416 --- [    Test worker] s.a.ScheduledAnnotationBeanPostProcessor : No TaskScheduler/ScheduledExecutorService bean found for scheduled processing
2022-04-27 09:34:04.579  INFO 44416 --- [    Test worker] o.s.b.w.embedded.tomcat.TomcatWebServer  : Tomcat started on port(s): 56336 (http) with context path ''
2022-04-27 09:34:04.580  INFO 44416 --- [    Test worker] c.j.b.s.web.IndexControllerTest          : Started IndexControllerTest in 1.175 seconds (JVM running for 6.622)
2022-04-27 09:34:04.652  INFO 44416 --- [o-auto-1-exec-1] o.a.c.c.C.[Tomcat].[localhost].[/]       : Initializing Spring DispatcherServlet 'dispatcherServlet'
2022-04-27 09:34:04.652  INFO 44416 --- [o-auto-1-exec-1] o.s.web.servlet.DispatcherServlet        : Initializing Servlet 'dispatcherServlet'
2022-04-27 09:34:04.662  INFO 44416 --- [o-auto-1-exec-1] o.s.web.servlet.DispatcherServlet        : Completed initialization in 10 ms
Hibernate: select posts0_.id as id1_0_, posts0_.created_date as created_2_0_, posts0_.modified_date as modified3_0_, posts0_.author as author4_0_, posts0_.content as content5_0_, posts0_.title as title6_0_ from posts posts0_ order by posts0_.id DESC
]]></system-out>
  <system-err><![CDATA[]]></system-err>
</testsuite>
