<?xml version="1.0" encoding="UTF-8"?>
<testsuite name="com.jojoldu.book.springboot.web.HelloControllerTest" tests="2" skipped="0" failures="0" errors="0" timestamp="2022-04-26T10:52:58" hostname="DESKTOP-H7ERI92" time="0.105">
  <properties/>
  <testcase name="hello가_리턴된다" classname="com.jojoldu.book.springboot.web.HelloControllerTest" time="0.049"/>
  <testcase name="helloDto가_리턴된다" classname="com.jojoldu.book.springboot.web.HelloControllerTest" time="0.055"/>
  <system-out><![CDATA[2022-04-26 19:52:57.587  INFO 14176 --- [    Test worker] .b.t.a.w.s.WebMvcTestContextBootstrapper : Neither @ContextConfiguration nor @ContextHierarchy found for test class [com.jojoldu.book.springboot.web.HelloControllerTest], using SpringBootContextLoader
2022-04-26 19:52:57.589  INFO 14176 --- [    Test worker] o.s.t.c.support.AbstractContextLoader    : Could not detect default resource locations for test class [com.jojoldu.book.springboot.web.HelloControllerTest]: no resource found for suffixes {-context.xml, Context.groovy}.
2022-04-26 19:52:57.589  INFO 14176 --- [    Test worker] t.c.s.AnnotationConfigContextLoaderUtils : Could not detect default configuration classes for test class [com.jojoldu.book.springboot.web.HelloControllerTest]: HelloControllerTest does not declare any static, non-private, non-final, nested classes annotated with @Configuration.
2022-04-26 19:52:57.601  INFO 14176 --- [    Test worker] .b.t.c.SpringBootTestContextBootstrapper : Found @SpringBootConfiguration com.jojoldu.book.springboot.Application for test class com.jojoldu.book.springboot.web.HelloControllerTest
2022-04-26 19:52:57.602  INFO 14176 --- [    Test worker] .b.t.a.w.s.WebMvcTestContextBootstrapper : Loaded default TestExecutionListener class names from location [META-INF/spring.factories]: [org.springframework.security.test.context.support.WithSecurityContextTestExecutionListener, org.springframework.security.test.context.support.ReactorContextTestExecutionListener, org.springframework.boot.test.autoconfigure.restdocs.RestDocsTestExecutionListener, org.springframework.boot.test.autoconfigure.web.client.MockRestServiceServerResetTestExecutionListener, org.springframework.boot.test.autoconfigure.web.servlet.MockMvcPrintOnlyOnFailureTestExecutionListener, org.springframework.boot.test.autoconfigure.web.servlet.WebDriverTestExecutionListener, org.springframework.boot.test.mock.mockito.MockitoTestExecutionListener, org.springframework.boot.test.mock.mockito.ResetMocksTestExecutionListener, org.springframework.test.context.web.ServletTestExecutionListener, org.springframework.test.context.support.DirtiesContextBeforeModesTestExecutionListener, org.springframework.test.context.support.DependencyInjectionTestExecutionListener, org.springframework.test.context.support.DirtiesContextTestExecutionListener, org.springframework.test.context.transaction.TransactionalTestExecutionListener, org.springframework.test.context.jdbc.SqlScriptsTestExecutionListener, org.springframework.test.context.event.EventPublishingTestExecutionListener]
2022-04-26 19:52:57.603  INFO 14176 --- [    Test worker] .b.t.a.w.s.WebMvcTestContextBootstrapper : Using TestExecutionListeners: [org.springframework.test.context.web.ServletTestExecutionListener@3163404b, org.springframework.test.context.support.DirtiesContextBeforeModesTestExecutionListener@61530eba, org.springframework.boot.test.mock.mockito.MockitoTestExecutionListener@5160f030, org.springframework.boot.test.autoconfigure.SpringBootDependencyInjectionTestExecutionListener@6128ef4e, org.springframework.test.context.support.DirtiesContextTestExecutionListener@4ae29a38, org.springframework.test.context.transaction.TransactionalTestExecutionListener@33bd7b00, org.springframework.test.context.jdbc.SqlScriptsTestExecutionListener@658afc37, org.springframework.security.test.context.support.WithSecurityContextTestExecutionListener@43fe3d57, org.springframework.test.context.event.EventPublishingTestExecutionListener@1d135c4a, org.springframework.security.test.context.support.ReactorContextTestExecutionListener@452e5193, org.springframework.boot.test.autoconfigure.restdocs.RestDocsTestExecutionListener@77776645, org.springframework.boot.test.autoconfigure.web.client.MockRestServiceServerResetTestExecutionListener@45d1e979, org.springframework.boot.test.autoconfigure.web.servlet.MockMvcPrintOnlyOnFailureTestExecutionListener@42271c85, org.springframework.boot.test.autoconfigure.web.servlet.WebDriverTestExecutionListener@75327f9b, org.springframework.boot.test.mock.mockito.ResetMocksTestExecutionListener@393b6a36]

  .   ____          _            __ _ _
 /\\ / ___'_ __ _ _(_)_ __  __ _ \ \ \ \
( ( )\___ | '_ | '_| | '_ \/ _` | \ \ \ \
 \\/  ___)| |_)| | | | | || (_| |  ) ) ) )
  '  |____| .__|_| |_|_| |_\__, | / / / /
 =========|_|==============|___/=/_/_/_/
 :: Spring Boot ::        (v2.2.0.RELEASE)

2022-04-26 19:52:57.629  INFO 14176 --- [    Test worker] c.j.b.s.web.HelloControllerTest          : Starting HelloControllerTest on DESKTOP-H7ERI92 with PID 14176 (started by vndtj in D:\tave\Tave-Study)
2022-04-26 19:52:57.629  INFO 14176 --- [    Test worker] c.j.b.s.web.HelloControllerTest          : The following profiles are active: oauth
2022-04-26 19:52:57.836  INFO 14176 --- [    Test worker] o.s.s.concurrent.ThreadPoolTaskExecutor  : Initializing ExecutorService 'applicationTaskExecutor'
2022-04-26 19:52:57.856  INFO 14176 --- [    Test worker] o.s.b.a.w.s.WelcomePageHandlerMapping    : Adding welcome page template: index
2022-04-26 19:52:57.945  INFO 14176 --- [    Test worker] .s.s.UserDetailsServiceAutoConfiguration : 

Using generated security password: f1c66d68-a7d5-4b66-aeb5-a1ce9e7e27ee

2022-04-26 19:52:58.018  INFO 14176 --- [    Test worker] o.s.s.web.DefaultSecurityFilterChain     : Creating filter chain: any request, [org.springframework.security.web.context.request.async.WebAsyncManagerIntegrationFilter@335b3060, org.springframework.security.web.context.SecurityContextPersistenceFilter@6e9bb9cf, org.springframework.security.web.header.HeaderWriterFilter@7a109dfa, org.springframework.security.web.csrf.CsrfFilter@515f5db8, org.springframework.security.web.authentication.logout.LogoutFilter@7a0a9493, org.springframework.security.web.authentication.UsernamePasswordAuthenticationFilter@47531f7c, org.springframework.security.web.authentication.ui.DefaultLoginPageGeneratingFilter@3d8530ac, org.springframework.security.web.authentication.ui.DefaultLogoutPageGeneratingFilter@7722814b, org.springframework.security.web.authentication.www.BasicAuthenticationFilter@598d57c1, org.springframework.security.web.savedrequest.RequestCacheAwareFilter@72c9a22a, org.springframework.security.web.servletapi.SecurityContextHolderAwareRequestFilter@c480ec4, org.springframework.security.web.authentication.AnonymousAuthenticationFilter@4422f331, org.springframework.security.web.session.SessionManagementFilter@3f61c3b2, org.springframework.security.web.access.ExceptionTranslationFilter@5189a8ee, org.springframework.security.web.access.intercept.FilterSecurityInterceptor@778376e7]
2022-04-26 19:52:58.051  INFO 14176 --- [    Test worker] o.s.b.t.m.w.SpringBootMockServletContext : Initializing Spring TestDispatcherServlet ''
2022-04-26 19:52:58.051  INFO 14176 --- [    Test worker] o.s.t.web.servlet.TestDispatcherServlet  : Initializing Servlet ''
2022-04-26 19:52:58.062  INFO 14176 --- [    Test worker] o.s.t.web.servlet.TestDispatcherServlet  : Completed initialization in 11 ms
2022-04-26 19:52:58.069  INFO 14176 --- [    Test worker] c.j.b.s.web.HelloControllerTest          : Started HelloControllerTest in 0.464 seconds (JVM running for 5.994)
]]></system-out>
  <system-err><![CDATA[]]></system-err>
</testsuite>
