<?xml version="1.0" encoding="UTF-8"?>
<testsuite name="com.jojoldu.book.springboot.web.IndexControllerTest" tests="1" skipped="0" failures="0" errors="0" timestamp="2022-04-26T10:52:59" hostname="DESKTOP-H7ERI92" time="0.171">
  <properties/>
  <testcase name="메인페이지_로딩" classname="com.jojoldu.book.springboot.web.IndexControllerTest" time="0.171"/>
  <system-out><![CDATA[2022-04-26 19:52:58.179  INFO 14176 --- [    Test worker] .b.t.c.SpringBootTestContextBootstrapper : Neither @ContextConfiguration nor @ContextHierarchy found for test class [com.jojoldu.book.springboot.web.IndexControllerTest], using SpringBootContextLoader
2022-04-26 19:52:58.180  INFO 14176 --- [    Test worker] o.s.t.c.support.AbstractContextLoader    : Could not detect default resource locations for test class [com.jojoldu.book.springboot.web.IndexControllerTest]: no resource found for suffixes {-context.xml, Context.groovy}.
2022-04-26 19:52:58.181  INFO 14176 --- [    Test worker] t.c.s.AnnotationConfigContextLoaderUtils : Could not detect default configuration classes for test class [com.jojoldu.book.springboot.web.IndexControllerTest]: IndexControllerTest does not declare any static, non-private, non-final, nested classes annotated with @Configuration.
2022-04-26 19:52:58.181  INFO 14176 --- [    Test worker] .b.t.c.SpringBootTestContextBootstrapper : Found @SpringBootConfiguration com.jojoldu.book.springboot.Application for test class com.jojoldu.book.springboot.web.IndexControllerTest
2022-04-26 19:52:58.182  INFO 14176 --- [    Test worker] .b.t.c.SpringBootTestContextBootstrapper : Loaded default TestExecutionListener class names from location [META-INF/spring.factories]: [org.springframework.security.test.context.support.WithSecurityContextTestExecutionListener, org.springframework.security.test.context.support.ReactorContextTestExecutionListener, org.springframework.boot.test.autoconfigure.restdocs.RestDocsTestExecutionListener, org.springframework.boot.test.autoconfigure.web.client.MockRestServiceServerResetTestExecutionListener, org.springframework.boot.test.autoconfigure.web.servlet.MockMvcPrintOnlyOnFailureTestExecutionListener, org.springframework.boot.test.autoconfigure.web.servlet.WebDriverTestExecutionListener, org.springframework.boot.test.mock.mockito.MockitoTestExecutionListener, org.springframework.boot.test.mock.mockito.ResetMocksTestExecutionListener, org.springframework.test.context.web.ServletTestExecutionListener, org.springframework.test.context.support.DirtiesContextBeforeModesTestExecutionListener, org.springframework.test.context.support.DependencyInjectionTestExecutionListener, org.springframework.test.context.support.DirtiesContextTestExecutionListener, org.springframework.test.context.transaction.TransactionalTestExecutionListener, org.springframework.test.context.jdbc.SqlScriptsTestExecutionListener, org.springframework.test.context.event.EventPublishingTestExecutionListener]
2022-04-26 19:52:58.183  INFO 14176 --- [    Test worker] .b.t.c.SpringBootTestContextBootstrapper : Using TestExecutionListeners: [org.springframework.test.context.web.ServletTestExecutionListener@7b6fd1a6, org.springframework.test.context.support.DirtiesContextBeforeModesTestExecutionListener@50e325e4, org.springframework.boot.test.mock.mockito.MockitoTestExecutionListener@48094207, org.springframework.boot.test.autoconfigure.SpringBootDependencyInjectionTestExecutionListener@629bb650, org.springframework.test.context.support.DirtiesContextTestExecutionListener@677cb944, org.springframework.test.context.transaction.TransactionalTestExecutionListener@2ef97c4a, org.springframework.test.context.jdbc.SqlScriptsTestExecutionListener@2ce21ae8, org.springframework.security.test.context.support.WithSecurityContextTestExecutionListener@13740012, org.springframework.test.context.event.EventPublishingTestExecutionListener@11403da1, org.springframework.security.test.context.support.ReactorContextTestExecutionListener@74be08ef, org.springframework.boot.test.autoconfigure.restdocs.RestDocsTestExecutionListener@48b779ca, org.springframework.boot.test.autoconfigure.web.client.MockRestServiceServerResetTestExecutionListener@7bf0845e, org.springframework.boot.test.autoconfigure.web.servlet.MockMvcPrintOnlyOnFailureTestExecutionListener@6b4d03b4, org.springframework.boot.test.autoconfigure.web.servlet.WebDriverTestExecutionListener@6fb09742, org.springframework.boot.test.mock.mockito.ResetMocksTestExecutionListener@1cbada57]

  .   ____          _            __ _ _
 /\\ / ___'_ __ _ _(_)_ __  __ _ \ \ \ \
( ( )\___ | '_ | '_| | '_ \/ _` | \ \ \ \
 \\/  ___)| |_)| | | | | || (_| |  ) ) ) )
  '  |____| .__|_| |_|_| |_\__, | / / / /
 =========|_|==============|___/=/_/_/_/
 :: Spring Boot ::        (v2.2.0.RELEASE)

2022-04-26 19:52:58.208  INFO 14176 --- [    Test worker] c.j.b.s.web.IndexControllerTest          : Starting IndexControllerTest on DESKTOP-H7ERI92 with PID 14176 (started by vndtj in D:\tave\Tave-Study)
2022-04-26 19:52:58.209  INFO 14176 --- [    Test worker] c.j.b.s.web.IndexControllerTest          : The following profiles are active: oauth
2022-04-26 19:52:58.353  INFO 14176 --- [    Test worker] .s.d.r.c.RepositoryConfigurationDelegate : Bootstrapping Spring Data repositories in DEFAULT mode.
2022-04-26 19:52:58.366  INFO 14176 --- [    Test worker] .s.d.r.c.RepositoryConfigurationDelegate : Finished Spring Data repository scanning in 12ms. Found 2 repository interfaces.
2022-04-26 19:52:58.437  INFO 14176 --- [    Test worker] trationDelegate$BeanPostProcessorChecker : Bean 'org.springframework.transaction.annotation.ProxyTransactionManagementConfiguration' of type [org.springframework.transaction.annotation.ProxyTransactionManagementConfiguration] is not eligible for getting processed by all BeanPostProcessors (for example: not eligible for auto-proxying)
2022-04-26 19:52:58.612  INFO 14176 --- [    Test worker] o.s.b.w.embedded.tomcat.TomcatWebServer  : Tomcat initialized with port(s): 0 (http)
2022-04-26 19:52:58.623  INFO 14176 --- [    Test worker] o.apache.catalina.core.StandardService   : Starting service [Tomcat]
2022-04-26 19:52:58.623  INFO 14176 --- [    Test worker] org.apache.catalina.core.StandardEngine  : Starting Servlet engine: [Apache Tomcat/9.0.27]
2022-04-26 19:52:58.746  INFO 14176 --- [    Test worker] o.a.c.c.C.[Tomcat].[localhost].[/]       : Initializing Spring embedded WebApplicationContext
2022-04-26 19:52:58.746  INFO 14176 --- [    Test worker] o.s.web.context.ContextLoader            : Root WebApplicationContext: initialization completed in 535 ms
2022-04-26 19:52:58.775  INFO 14176 --- [    Test worker] com.zaxxer.hikari.HikariDataSource       : HikariPool-2 - Starting...
2022-04-26 19:52:58.776  INFO 14176 --- [    Test worker] com.zaxxer.hikari.HikariDataSource       : HikariPool-2 - Start completed.
2022-04-26 19:52:58.776  INFO 14176 --- [    Test worker] o.s.b.a.h2.H2ConsoleAutoConfiguration    : H2 console available at '/h2-console'. Database available at 'jdbc:h2:mem:testdb'
2022-04-26 19:52:58.866  INFO 14176 --- [    Test worker] o.hibernate.jpa.internal.util.LogHelper  : HHH000204: Processing PersistenceUnitInfo [name: default]
2022-04-26 19:52:58.871  INFO 14176 --- [    Test worker] org.hibernate.dialect.Dialect            : HHH000400: Using dialect: org.hibernate.dialect.H2Dialect
Hibernate: drop table posts if exists
Hibernate: drop table user if exists
Hibernate: create table posts (id bigint generated by default as identity, created_date timestamp, modified_date timestamp, author varchar(255), content TEXT not null, title varchar(500) not null, primary key (id))
Hibernate: create table user (id bigint generated by default as identity, created_date timestamp, modified_date timestamp, email varchar(255) not null, name varchar(255) not null, picture varchar(255), role varchar(255) not null, primary key (id))
2022-04-26 19:52:58.911  INFO 14176 --- [    Test worker] o.h.e.t.j.p.i.JtaPlatformInitiator       : HHH000490: Using JtaPlatform implementation: [org.hibernate.engine.transaction.jta.platform.internal.NoJtaPlatform]
2022-04-26 19:52:58.912  INFO 14176 --- [    Test worker] j.LocalContainerEntityManagerFactoryBean : Initialized JPA EntityManagerFactory for persistence unit 'default'
2022-04-26 19:52:59.068  WARN 14176 --- [    Test worker] JpaBaseConfiguration$JpaWebConfiguration : spring.jpa.open-in-view is enabled by default. Therefore, database queries may be performed during view rendering. Explicitly configure spring.jpa.open-in-view to disable this warning
2022-04-26 19:52:59.182  INFO 14176 --- [    Test worker] o.s.s.web.DefaultSecurityFilterChain     : Creating filter chain: any request, [org.springframework.security.web.context.request.async.WebAsyncManagerIntegrationFilter@4d5cd40e, org.springframework.security.web.context.SecurityContextPersistenceFilter@2ee41992, org.springframework.security.web.header.HeaderWriterFilter@5bde28a, org.springframework.security.web.authentication.logout.LogoutFilter@68504ee7, org.springframework.security.oauth2.client.web.OAuth2AuthorizationRequestRedirectFilter@7d9a6fc3, org.springframework.security.oauth2.client.web.OAuth2LoginAuthenticationFilter@5f343140, org.springframework.security.web.authentication.ui.DefaultLoginPageGeneratingFilter@57382f0d, org.springframework.security.web.authentication.ui.DefaultLogoutPageGeneratingFilter@46867cec, org.springframework.security.web.savedrequest.RequestCacheAwareFilter@4a4f760b, org.springframework.security.web.servletapi.SecurityContextHolderAwareRequestFilter@208c647a, org.springframework.security.web.authentication.AnonymousAuthenticationFilter@68ccf788, org.springframework.security.web.session.SessionManagementFilter@5124dcea, org.springframework.security.web.access.ExceptionTranslationFilter@41e4b570, org.springframework.security.web.access.intercept.FilterSecurityInterceptor@1ba7356d]
2022-04-26 19:52:59.258  INFO 14176 --- [    Test worker] o.s.s.concurrent.ThreadPoolTaskExecutor  : Initializing ExecutorService 'applicationTaskExecutor'
2022-04-26 19:52:59.279  INFO 14176 --- [    Test worker] o.s.b.a.w.s.WelcomePageHandlerMapping    : Adding welcome page template: index
2022-04-26 19:52:59.393  INFO 14176 --- [    Test worker] s.a.ScheduledAnnotationBeanPostProcessor : No TaskScheduler/ScheduledExecutorService bean found for scheduled processing
2022-04-26 19:52:59.407  INFO 14176 --- [    Test worker] o.s.b.w.embedded.tomcat.TomcatWebServer  : Tomcat started on port(s): 56596 (http) with context path ''
2022-04-26 19:52:59.408  INFO 14176 --- [    Test worker] c.j.b.s.web.IndexControllerTest          : Started IndexControllerTest in 1.224 seconds (JVM running for 7.333)
2022-04-26 19:52:59.494  INFO 14176 --- [o-auto-1-exec-1] o.a.c.c.C.[Tomcat].[localhost].[/]       : Initializing Spring DispatcherServlet 'dispatcherServlet'
2022-04-26 19:52:59.494  INFO 14176 --- [o-auto-1-exec-1] o.s.web.servlet.DispatcherServlet        : Initializing Servlet 'dispatcherServlet'
2022-04-26 19:52:59.503  INFO 14176 --- [o-auto-1-exec-1] o.s.web.servlet.DispatcherServlet        : Completed initialization in 8 ms
Hibernate: select posts0_.id as id1_0_, posts0_.created_date as created_2_0_, posts0_.modified_date as modified3_0_, posts0_.author as author4_0_, posts0_.content as content5_0_, posts0_.title as title6_0_ from posts posts0_ order by posts0_.id DESC
]]></system-out>
  <system-err><![CDATA[]]></system-err>
</testsuite>
