<?xml version="1.0" encoding="UTF-8"?>
<testsuite name="com.jojoldu.book.springboot.web.HelloControllerTest" tests="2" skipped="0" failures="0" errors="0" timestamp="2022-04-27T07:59:27" hostname="DESKTOP-H7ERI92" time="0.032">
  <properties/>
  <testcase name="hello가_리턴된다" classname="com.jojoldu.book.springboot.web.HelloControllerTest" time="0.012"/>
  <testcase name="helloDto가_리턴된다" classname="com.jojoldu.book.springboot.web.HelloControllerTest" time="0.019"/>
  <system-out><![CDATA[2022-04-27 16:59:27.206  INFO 27340 --- [    Test worker] .b.t.a.w.s.WebMvcTestContextBootstrapper : Neither @ContextConfiguration nor @ContextHierarchy found for test class [com.jojoldu.book.springboot.web.HelloControllerTest], using SpringBootContextLoader
2022-04-27 16:59:27.206  INFO 27340 --- [    Test worker] o.s.t.c.support.AbstractContextLoader    : Could not detect default resource locations for test class [com.jojoldu.book.springboot.web.HelloControllerTest]: no resource found for suffixes {-context.xml, Context.groovy}.
2022-04-27 16:59:27.206  INFO 27340 --- [    Test worker] t.c.s.AnnotationConfigContextLoaderUtils : Could not detect default configuration classes for test class [com.jojoldu.book.springboot.web.HelloControllerTest]: HelloControllerTest does not declare any static, non-private, non-final, nested classes annotated with @Configuration.
2022-04-27 16:59:27.214  INFO 27340 --- [    Test worker] .b.t.c.SpringBootTestContextBootstrapper : Found @SpringBootConfiguration com.jojoldu.book.springboot.Application for test class com.jojoldu.book.springboot.web.HelloControllerTest
2022-04-27 16:59:27.215  INFO 27340 --- [    Test worker] .b.t.a.w.s.WebMvcTestContextBootstrapper : Loaded default TestExecutionListener class names from location [META-INF/spring.factories]: [org.springframework.security.test.context.support.WithSecurityContextTestExecutionListener, org.springframework.security.test.context.support.ReactorContextTestExecutionListener, org.springframework.boot.test.autoconfigure.restdocs.RestDocsTestExecutionListener, org.springframework.boot.test.autoconfigure.web.client.MockRestServiceServerResetTestExecutionListener, org.springframework.boot.test.autoconfigure.web.servlet.MockMvcPrintOnlyOnFailureTestExecutionListener, org.springframework.boot.test.autoconfigure.web.servlet.WebDriverTestExecutionListener, org.springframework.boot.test.mock.mockito.MockitoTestExecutionListener, org.springframework.boot.test.mock.mockito.ResetMocksTestExecutionListener, org.springframework.test.context.web.ServletTestExecutionListener, org.springframework.test.context.support.DirtiesContextBeforeModesTestExecutionListener, org.springframework.test.context.support.DependencyInjectionTestExecutionListener, org.springframework.test.context.support.DirtiesContextTestExecutionListener, org.springframework.test.context.transaction.TransactionalTestExecutionListener, org.springframework.test.context.jdbc.SqlScriptsTestExecutionListener, org.springframework.test.context.event.EventPublishingTestExecutionListener]
2022-04-27 16:59:27.215  INFO 27340 --- [    Test worker] .b.t.a.w.s.WebMvcTestContextBootstrapper : Using TestExecutionListeners: [org.springframework.test.context.web.ServletTestExecutionListener@2c68c70c, org.springframework.test.context.support.DirtiesContextBeforeModesTestExecutionListener@b0d4a00, org.springframework.boot.test.mock.mockito.MockitoTestExecutionListener@13c5741, org.springframework.boot.test.autoconfigure.SpringBootDependencyInjectionTestExecutionListener@7fd3a295, org.springframework.test.context.support.DirtiesContextTestExecutionListener@15694ac4, org.springframework.test.context.transaction.TransactionalTestExecutionListener@74d55f23, org.springframework.test.context.jdbc.SqlScriptsTestExecutionListener@173098a7, org.springframework.security.test.context.support.WithSecurityContextTestExecutionListener@759547de, org.springframework.test.context.event.EventPublishingTestExecutionListener@2af50cc2, org.springframework.security.test.context.support.ReactorContextTestExecutionListener@748772f8, org.springframework.boot.test.autoconfigure.restdocs.RestDocsTestExecutionListener@6761396f, org.springframework.boot.test.autoconfigure.web.client.MockRestServiceServerResetTestExecutionListener@389539ea, org.springframework.boot.test.autoconfigure.web.servlet.MockMvcPrintOnlyOnFailureTestExecutionListener@3a04a126, org.springframework.boot.test.autoconfigure.web.servlet.WebDriverTestExecutionListener@75db142c, org.springframework.boot.test.mock.mockito.ResetMocksTestExecutionListener@1b9ff1b9]

  .   ____          _            __ _ _
 /\\ / ___'_ __ _ _(_)_ __  __ _ \ \ \ \
( ( )\___ | '_ | '_| | '_ \/ _` | \ \ \ \
 \\/  ___)| |_)| | | | | || (_| |  ) ) ) )
  '  |____| .__|_| |_|_| |_\__, | / / / /
 =========|_|==============|___/=/_/_/_/
 :: Spring Boot ::        (v2.2.0.RELEASE)

2022-04-27 16:59:27.238  INFO 27340 --- [    Test worker] c.j.b.s.web.HelloControllerTest          : Starting HelloControllerTest on DESKTOP-H7ERI92 with PID 27340 (started by vndtj in D:\tave\Tave-Study)
2022-04-27 16:59:27.238  INFO 27340 --- [    Test worker] c.j.b.s.web.HelloControllerTest          : No active profile set, falling back to default profiles: default
2022-04-27 16:59:27.457  INFO 27340 --- [    Test worker] o.s.s.concurrent.ThreadPoolTaskExecutor  : Initializing ExecutorService 'applicationTaskExecutor'
2022-04-27 16:59:27.475  INFO 27340 --- [    Test worker] o.s.b.a.w.s.WelcomePageHandlerMapping    : Adding welcome page template: index
2022-04-27 16:59:27.570  INFO 27340 --- [    Test worker] .s.s.UserDetailsServiceAutoConfiguration : 

Using generated security password: a5a2aca5-1b3a-440f-8146-6be1eb56b8af

2022-04-27 16:59:27.643  INFO 27340 --- [    Test worker] o.s.s.web.DefaultSecurityFilterChain     : Creating filter chain: any request, [org.springframework.security.web.context.request.async.WebAsyncManagerIntegrationFilter@261b484b, org.springframework.security.web.context.SecurityContextPersistenceFilter@2965c3a0, org.springframework.security.web.header.HeaderWriterFilter@1641ccb4, org.springframework.security.web.csrf.CsrfFilter@627815cf, org.springframework.security.web.authentication.logout.LogoutFilter@759f6a97, org.springframework.security.web.authentication.UsernamePasswordAuthenticationFilter@2efae407, org.springframework.security.web.authentication.ui.DefaultLoginPageGeneratingFilter@72facfcb, org.springframework.security.web.authentication.ui.DefaultLogoutPageGeneratingFilter@371869e9, org.springframework.security.web.authentication.www.BasicAuthenticationFilter@1496f8d9, org.springframework.security.web.savedrequest.RequestCacheAwareFilter@36439eed, org.springframework.security.web.servletapi.SecurityContextHolderAwareRequestFilter@2effd0fd, org.springframework.security.web.authentication.AnonymousAuthenticationFilter@146b1fe3, org.springframework.security.web.session.SessionManagementFilter@5cc0033a, org.springframework.security.web.access.ExceptionTranslationFilter@34357190, org.springframework.security.web.access.intercept.FilterSecurityInterceptor@5964edee]
2022-04-27 16:59:27.660  INFO 27340 --- [    Test worker] o.s.b.t.m.w.SpringBootMockServletContext : Initializing Spring TestDispatcherServlet ''
2022-04-27 16:59:27.660  INFO 27340 --- [    Test worker] o.s.t.web.servlet.TestDispatcherServlet  : Initializing Servlet ''
2022-04-27 16:59:27.661  INFO 27340 --- [    Test worker] o.s.t.web.servlet.TestDispatcherServlet  : Completed initialization in 1 ms
2022-04-27 16:59:27.669  INFO 27340 --- [    Test worker] c.j.b.s.web.HelloControllerTest          : Started HelloControllerTest in 0.451 seconds (JVM running for 7.403)
]]></system-out>
  <system-err><![CDATA[]]></system-err>
</testsuite>
